Removed Pin From Net: NetName=SCK_LD Pin=R3-1
Removed Pin From Net: NetName=MISO_LD Pin=R4-1
Removed Pin From Net: NetName=MOSI_LD Pin=R5-1
Removed Pin From Net: NetName=SW_EXT_CS Pin=R6-1
Removed Pin From Net: NetName=MISO_LD Pin=U1-19
Removed Pin From Net: NetName=SW_EXT_CS Pin=U1-21
Removed Pin From Net: NetName=SCK_LD Pin=U1-22
Removed Pin From Net: NetName=MOSI_LD Pin=U1-24
Removed Member From Class: ClassName=COMMUNICATION Member=R3
Removed Member From Class: ClassName=COMMUNICATION Member=R4
Removed Member From Class: ClassName=COMMUNICATION Member=R5
Removed Member From Class: ClassName=COMMUNICATION Member=R6
Added Pin To Net: NetName=SCK_LD Pin=J1-5
Added Pin To Net: NetName=MOSI_LD Pin=J1-6
Added Pin To Net: NetName=MISO_LD Pin=J1-7
Added Pin To Net: NetName=SW_EXT_CS Pin=J1-8
Added Pin To Net: NetName=MOSI_LD Pin=R3-1
Added Pin To Net: NetName=SCK_LD Pin=R4-1
Added Pin To Net: NetName=SW_EXT_CS Pin=R5-1
Added Pin To Net: NetName=MISO_LD Pin=R6-1
Added Pin To Net: NetName=MISO_LD Pin=TVS1-1
Added Pin To Net: NetName=SW_EXT_CS Pin=TVS1-3
Added Pin To Net: NetName=SCK_LD Pin=TVS2-1
Added Pin To Net: NetName=MOSI_LD Pin=TVS2-3
Added Pin To Net: NetName=NetR3_2 Pin=R3-2
Added Pin To Net: NetName=NetR3_2 Pin=U1-24
Added Net: Name=NetR3_2
Added Pin To Net: NetName=NetR4_2 Pin=R4-2
Added Pin To Net: NetName=NetR4_2 Pin=U1-22
Added Net: Name=NetR4_2
Added Pin To Net: NetName=NetR5_2 Pin=R5-2
Added Pin To Net: NetName=NetR5_2 Pin=U1-21
Added Net: Name=NetR5_2
Added Pin To Net: NetName=NetR6_2 Pin=R6-2
Added Pin To Net: NetName=NetR6_2 Pin=U1-19
Added Net: Name=NetR6_2
Added Member To Class: ClassName=SWITCHING Member=Component R3 22R 1%
Added Member To Class: ClassName=SWITCHING Member=Component R4 22R 1%
Added Member To Class: ClassName=SWITCHING Member=Component R5 22R 1%
Added Member To Class: ClassName=SWITCHING Member=Component R6 22R 1%
