Added Component: Designator=U1(ADG1414BCPZ)
Added Pin To Net: NetName=GND Pin=U1-1
Added Pin To Net: NetName=NetD1_2 Pin=U1-2
Added Pin To Net: NetName=12V_EXP Pin=U1-3
Added Pin To Net: NetName=NetD2_2 Pin=U1-4
Added Pin To Net: NetName=12V_EXP Pin=U1-5
Added Pin To Net: NetName=NetD3_2 Pin=U1-6
Added Pin To Net: NetName=12V_EXP Pin=U1-7
Added Pin To Net: NetName=NetD4_2 Pin=U1-8
Added Pin To Net: NetName=12V_EXP Pin=U1-9
Added Pin To Net: NetName=12V_EXP Pin=U1-10
Added Pin To Net: NetName=NetD5_2 Pin=U1-11
Added Pin To Net: NetName=12V_EXP Pin=U1-12
Added Pin To Net: NetName=NetD6_2 Pin=U1-13
Added Pin To Net: NetName=12V_EXP Pin=U1-14
Added Pin To Net: NetName=NetD7_2 Pin=U1-15
Added Pin To Net: NetName=12V_EXP Pin=U1-16
Added Pin To Net: NetName=NetD8_2 Pin=U1-17
Added Pin To Net: NetName=GND Pin=U1-18
Added Pin To Net: NetName=NetR6_2 Pin=U1-19
Added Pin To Net: NetName=NetR2_2 Pin=U1-20
Added Pin To Net: NetName=NetR5_2 Pin=U1-21
Added Pin To Net: NetName=NetR4_2 Pin=U1-22
Added Pin To Net: NetName=12V_EXP Pin=U1-23
Added Pin To Net: NetName=NetR3_2 Pin=U1-24
Added Pin To Net: NetName=GND Pin=U1-HTAB
Added Member To Class: ClassName=SWITCHING Member=Component U1 ADG1414BCPZ
