Removed Pin From Net: NetName=SCK_LD Pin=J1-5
Removed Pin From Net: NetName=MOSI_LD Pin=J1-6
Removed Pin From Net: NetName=MISO_LD Pin=J1-7
Removed Pin From Net: NetName=SW_EXT_CS Pin=J1-8
Removed Pin From Net: NetName=MOSI_LD Pin=R2-1
Removed Pin From Net: NetName=SW_EXT_CS Pin=R4-1
Removed Pin From Net: NetName=MISO_LD Pin=R6-1
Removed Pin From Net: NetName=MISO_LD Pin=TVS1-1
Removed Pin From Net: NetName=SW_EXT_CS Pin=TVS1-3
Removed Pin From Net: NetName=SCK_LD Pin=TVS2-1
Removed Pin From Net: NetName=MOSI_LD Pin=TVS2-3
Removed Member From Class: ClassName=SWITCHING Member=R3
Removed Member From Class: ClassName=SWITCHING Member=R4
Removed Member From Class: ClassName=SWITCHING Member=R5
Removed Member From Class: ClassName=SWITCHING Member=R6
Change Component Designator: OldDesignator=R5 NewDesignator=R2
Added Component: Designator=R5(RES-SMD-0603)
Add component (AddParameter): Name = "Class"; Value = "Passive"; VariantName = "[No Variations]"
Add component (AddParameter): Name = "Manufacturer"; Value = "Generic Components"; VariantName = "[No Variations]"
Add component (AddParameter): Name = "Published"; Value = "08/06/2000"; VariantName = "[No Variations]"
Add component (AddParameter): Name = "Publisher"; Value = "Altium Hobart Technology Centre"; VariantName = "[No Variations]"
Added Pin To Net: NetName=MISO_LD Pin=R4-1
Added Pin To Net: NetName=MOSI_LD Pin=R5-1
Added Pin To Net: NetName=SW_EXT_CS Pin=R6-1
Added Pin To Net: NetName=MISO_LD Pin=U1-19
Added Pin To Net: NetName=SW_EXT_CS Pin=U1-21
Added Pin To Net: NetName=SCK_LD Pin=U1-22
Added Pin To Net: NetName=MOSI_LD Pin=U1-24
Change Net Name : Old Net Name=NetR5_2 New Net Name=NetR2_2
Added Pin To Net: NetName=NetJ1_5 Pin=J1-5
Added Pin To Net: NetName=NetJ1_5 Pin=R3-2
Added Pin To Net: NetName=NetJ1_5 Pin=TVS2-1
Added Net: Name=NetJ1_5
Added Pin To Net: NetName=NetJ1_6 Pin=J1-6
Added Pin To Net: NetName=NetJ1_6 Pin=R5-2
Added Pin To Net: NetName=NetJ1_6 Pin=TVS2-3
Added Net: Name=NetJ1_6
Added Pin To Net: NetName=NetJ1_7 Pin=J1-7
Added Pin To Net: NetName=NetJ1_7 Pin=R4-2
Added Pin To Net: NetName=NetJ1_7 Pin=TVS1-1
Added Net: Name=NetJ1_7
Added Pin To Net: NetName=NetJ1_8 Pin=J1-8
Added Pin To Net: NetName=NetJ1_8 Pin=R6-2
Added Pin To Net: NetName=NetJ1_8 Pin=TVS1-3
Added Net: Name=NetJ1_8
Added Member To Class: ClassName=COMMUNICATION Member=Component R3 22R 1%
Added Member To Class: ClassName=COMMUNICATION Member=Component R4 22R 1%
Added Member To Class: ClassName=COMMUNICATION Member=Component R5 22R 1%
Added Member To Class: ClassName=COMMUNICATION Member=Component R6 22R 1%
