Removed Pin From Net: NetName=PROTECT_EMI Pin=-1
Removed Pin From Net: NetName=PROTECT_EMI Pin=-1
Removed Pin From Net: NetName=PROTECT_EMI Pin=-1
Removed Pin From Net: NetName=PROTECT_EMI Pin=-1
Removed Pin From Net: NetName=PROTECT_EMI Pin=-1
Removed Pin From Net: NetName=PROTECT_EMI Pin=-1
Removed Pin From Net: NetName=PROTECT_EMI Pin=-1
Removed Pin From Net: NetName=PROTECT_EMI Pin=-1
Removed Pin From Net: NetName=PROTECT_EMI Pin=-1
Remove Pin from Net: Failed to remove Pin
Removed Member From Class: ClassName=COMMUNICATION Member=
Added Component: Designator=Hole1(Hole space)
Added Component: Designator=Hole2(Hole space)
Added Pin To Net: NetName=PROTECT_EMI Pin=Hole1-1
Added Pin To Net: NetName=PROTECT_EMI Pin=Hole1-1
Added Pin To Net: NetName=PROTECT_EMI Pin=Hole1-1
Added Pin To Net: NetName=PROTECT_EMI Pin=Hole1-1
Added Pin To Net: NetName=PROTECT_EMI Pin=Hole1-1
Added Pin To Net: NetName=PROTECT_EMI Pin=Hole1-1
Added Pin To Net: NetName=PROTECT_EMI Pin=Hole1-1
Added Pin To Net: NetName=PROTECT_EMI Pin=Hole1-1
Added Pin To Net: NetName=PROTECT_EMI Pin=Hole1-1
Added Pin To Net: NetName=PROTECT_EMI Pin=Hole2-1
Added Pin To Net: NetName=PROTECT_EMI Pin=Hole2-1
Added Pin To Net: NetName=PROTECT_EMI Pin=Hole2-1
Added Pin To Net: NetName=PROTECT_EMI Pin=Hole2-1
Added Pin To Net: NetName=PROTECT_EMI Pin=Hole2-1
Added Pin To Net: NetName=PROTECT_EMI Pin=Hole2-1
Added Pin To Net: NetName=PROTECT_EMI Pin=Hole2-1
Added Pin To Net: NetName=PROTECT_EMI Pin=Hole2-1
Added Pin To Net: NetName=PROTECT_EMI Pin=Hole2-1
Added Member To Class: ClassName=COMMUNICATION Member=Component Hole1 Hole
Added Member To Class: ClassName=COMMUNICATION Member=Component Hole2 Hole
